0 info it worked if it ends with ok
1 verbose cli [ 'D:\\node\\node.exe',
1 verbose cli   'D:\\node\\node_modules\\npm\\bin\\npm-cli.js',
1 verbose cli   'run',
1 verbose cli   'dev' ]
2 info using npm@3.10.10
3 info using node@v6.10.0
4 verbose run-script [ 'predev', 'dev', 'postdev' ]
5 info lifecycle vue-cnode@1.0.0~predev: vue-cnode@1.0.0
6 silly lifecycle vue-cnode@1.0.0~predev: no script for predev, continuing
7 info lifecycle vue-cnode@1.0.0~dev: vue-cnode@1.0.0
8 verbose lifecycle vue-cnode@1.0.0~dev: unsafe-perm in lifecycle true
9 verbose lifecycle vue-cnode@1.0.0~dev: PATH: D:\node\node_modules\npm\bin\node-gyp-bin;F:\myFile\codeFile\vue\vue-cnode\node_modules\.bin;C:\Users\N5930\bin;D:\git\Git\mingw64\bin;D:\git\Git\usr\local\bin;D:\git\Git\usr\bin;D:\git\Git\usr\bin;D:\git\Git\mingw64\bin;D:\git\Git\usr\bin;C:\Users\N5930\bin;C:\Python27\Lib\site-packages\PyQt4;C:\windows\system32;C:\windows;C:\windows\System32\Wbem;C:\windows\System32\WindowsPowerShell\v1.0;C:\Python27;C:\Program Files\EmEditor;C:\Program Files (x86)\Lua\5.1;C:\Program Files (x86)\Lua\5.1\clibs;C:\Program Files (x86)\QuickTime\QTSystem;D:\git\Git\cmd;D:\node;D:\svn\bin;C:\Users\N5930\AppData\Roaming\npm;C:\Python27\Scripts;D:\git\Git\usr\bin\vendor_perl;D:\git\Git\usr\bin\core_perl
10 verbose lifecycle vue-cnode@1.0.0~dev: CWD: F:\myFile\codeFile\vue\vue-cnode
11 silly lifecycle vue-cnode@1.0.0~dev: Args: [ '/d /s /c', 'node build/dev-server.js' ]
12 silly lifecycle vue-cnode@1.0.0~dev: Returned: code: 1  signal: null
13 info lifecycle vue-cnode@1.0.0~dev: Failed to exec dev script
14 verbose stack Error: vue-cnode@1.0.0 dev: `node build/dev-server.js`
14 verbose stack Exit status 1
14 verbose stack     at EventEmitter.<anonymous> (D:\node\node_modules\npm\lib\utils\lifecycle.js:255:16)
14 verbose stack     at emitTwo (events.js:106:13)
14 verbose stack     at EventEmitter.emit (events.js:191:7)
14 verbose stack     at ChildProcess.<anonymous> (D:\node\node_modules\npm\lib\utils\spawn.js:40:14)
14 verbose stack     at emitTwo (events.js:106:13)
14 verbose stack     at ChildProcess.emit (events.js:191:7)
14 verbose stack     at maybeClose (internal/child_process.js:877:16)
14 verbose stack     at Process.ChildProcess._handle.onexit (internal/child_process.js:226:5)
15 verbose pkgid vue-cnode@1.0.0
16 verbose cwd F:\myFile\codeFile\vue\vue-cnode
17 error Windows_NT 6.1.7601
18 error argv "D:\\node\\node.exe" "D:\\node\\node_modules\\npm\\bin\\npm-cli.js" "run" "dev"
19 error node v6.10.0
20 error npm  v3.10.10
21 error code ELIFECYCLE
22 error vue-cnode@1.0.0 dev: `node build/dev-server.js`
22 error Exit status 1
23 error Failed at the vue-cnode@1.0.0 dev script 'node build/dev-server.js'.
23 error Make sure you have the latest version of node.js and npm installed.
23 error If you do, this is most likely a problem with the vue-cnode package,
23 error not with npm itself.
23 error Tell the author that this fails on your system:
23 error     node build/dev-server.js
23 error You can get information on how to open an issue for this project with:
23 error     npm bugs vue-cnode
23 error Or if that isn't available, you can get their info via:
23 error     npm owner ls vue-cnode
23 error There is likely additional logging output above.
24 verbose exit [ 1, true ]
